#
# A fatal error has been detected by the Java Runtime Environment:
#
#  EXCEPTION_ACCESS_VIOLATION (0xc0000005) at pc=0x000000006a237d70, pid=3876, tid=0x0000000000001680
#
# JRE version: Java(TM) SE Runtime Environment (8.0_161-b12) (build 1.8.0_161-b12)
# Java VM: Java HotSpot(TM) 64-Bit Server VM (25.161-b12 mixed mode windows-amd64 compressed oops)
# Problematic frame:
# V  [jvm.dll+0x67d70]
#
# Failed to write core dump. Minidumps are not enabled by default on client versions of Windows
#
# If you would like to submit a bug report, please visit:
#   http://bugreport.java.com/bugreport/crash.jsp
#

---------------  T H R E A D  ---------------

Current thread (0x0000000001e48800):  GCTaskThread [stack: 0x0000000012170000,0x0000000012270000] [id=5760]

siginfo: ExceptionCode=0xc0000005, reading address 0xffffffffffffffff

Registers:
RAX=0x0000000001e43440, RBX=0x0000000000000000, RCX=0x0010000000000000, RDX=0x00000000173c8e48
RSP=0x000000001226f280, RBP=0x000000001226f349, RSI=0x0000000000000000, RDI=0x0000000014c8ccd0
R8 =0x000000000000036d, R9 =0x0000000000001b68, R10=0x0000000001e3fb90, R11=0x000000001226f300
R12=0x000000006a826dc8, R13=0x0000000001e3f810, R14=0x0000000001e48f20, R15=0x0000000001e48f30
RIP=0x000000006a237d70, EFLAGS=0x0000000000010206

Top of Stack: (sp=0x000000001226f280)
0x000000001226f280:   000000001226f300 0000000000000000
0x000000001226f290:   0000000000000000 0000000001e3f810
0x000000001226f2a0:   000000001226f300 000000006a249b21
0x000000001226f2b0:   000000001226f300 0000000014c8ccd0
0x000000001226f2c0:   0000000000000000 000000001226f349
0x000000001226f2d0:   000000001a5c2a60 000000006a5c5ba7
0x000000001226f2e0:   0000000014bb57a0 000000006a3e6cfd
0x000000001226f2f0:   0000000014c8ccd0 000000006a5c59b3
0x000000001226f300:   000000006a825cc0 0000000014bb5700
0x000000001226f310:   0000000014c8ccd0 000000006a825ce8
0x000000001226f320:   0000000001e48800 000000001226f300
0x000000001226f330:   0000000014c8ccd0 000000006a7cdaf0
0x000000001226f340:   0000000001e3ab40 000000006a469214
0x000000001226f350:   0000000000000000 000000006a8073c8
0x000000001226f360:   0000000000000003 000000001226f320
0x000000001226f370:   0000000001e2b0d0 000000006a5c2a93 

Instructions: (pc=0x000000006a237d70)
0x000000006a237d50:   48 8b 05 89 e5 78 00 48 39 42 20 74 09 80 3d aa
0x000000006a237d60:   11 74 00 00 75 1a 48 8b 4a 18 48 85 c9 74 11 90
0x000000006a237d70:   48 8b 41 08 c6 40 18 01 48 8b 09 48 85 c9 75 f0
0x000000006a237d80:   48 8b 52 08 48 83 e2 fe 75 c6 41 ff c0 49 83 c1 


Register to memory mapping:

RAX=0x0000000001e43440 is an unknown value
RBX=0x0000000000000000 is an unknown value
RCX=0x0010000000000000 is an unknown value
RDX=0x00000000173c8e48 is an unknown value
RSP=0x000000001226f280 is an unknown value
RBP=0x000000001226f349 is an unknown value
RSI=0x0000000000000000 is an unknown value
RDI=0x0000000014c8ccd0 is an unknown value
R8 =0x000000000000036d is an unknown value
R9 =0x0000000000001b68 is an unknown value
R10=0x0000000001e3fb90 is an unknown value
R11=0x000000001226f300 is an unknown value
R12=0x000000006a826dc8 is an unknown value
R13=0x0000000001e3f810 is an unknown value
R14=0x0000000001e48f20 is an unknown value
R15=0x0000000001e48f30 is an unknown value


Stack: [0x0000000012170000,0x0000000012270000],  sp=0x000000001226f280,  free space=1020k
Native frames: (J=compiled Java code, j=interpreted, Vv=VM code, C=native code)
V  [jvm.dll+0x67d70]
V  [jvm.dll+0x79b21]
V  [jvm.dll+0x3f5ba7]
V  [jvm.dll+0x3f380e]
V  [jvm.dll+0x29cc4a]
C  [msvcr100.dll+0x21d9f]
C  [msvcr100.dll+0x21e3b]
C  [kernel32.dll+0x1556d]
C  [ntdll.dll+0x5385d]


---------------  P R O C E S S  ---------------

Java Threads: ( => current thread )
  0x000000001b225800 JavaThread "HikariPool-1 housekeeper" daemon [_thread_blocked, id=6372, stack(0x0000000018bf0000,0x0000000018cf0000)]
  0x000000001b3d0000 JavaThread "mysql-cj-abandoned-connection-cleanup" daemon [_thread_blocked, id=5828, stack(0x000000001c920000,0x000000001ca20000)]
  0x000000001b19f800 JavaThread "container-0" [_thread_blocked, id=5364, stack(0x000000001c490000,0x000000001c590000)]
  0x000000001b264800 JavaThread "Catalina-utility-2" [_thread_blocked, id=4852, stack(0x0000000018de0000,0x0000000018ee0000)]
  0x000000001b263800 JavaThread "Catalina-utility-1" [_thread_blocked, id=2964, stack(0x0000000018700000,0x0000000018800000)]
  0x000000001643a000 JavaThread "Service Thread" daemon [_thread_blocked, id=5956, stack(0x00000000167d0000,0x00000000168d0000)]
  0x00000000163d3800 JavaThread "C1 CompilerThread2" daemon [_thread_blocked, id=6384, stack(0x0000000016b00000,0x0000000016c00000)]
  0x00000000163c6800 JavaThread "C2 CompilerThread1" daemon [_thread_in_native, id=7144, stack(0x00000000169b0000,0x0000000016ab0000)]
  0x00000000163c0800 JavaThread "C2 CompilerThread0" daemon [_thread_blocked, id=5496, stack(0x0000000016160000,0x0000000016260000)]
  0x0000000014d3c800 JavaThread "Attach Listener" daemon [_thread_blocked, id=6068, stack(0x00000000162c0000,0x00000000163c0000)]
  0x0000000014d3f800 JavaThread "Signal Dispatcher" daemon [_thread_blocked, id=6036, stack(0x0000000016000000,0x0000000016100000)]
  0x0000000014d1f000 JavaThread "Finalizer" daemon [_thread_blocked, id=4396, stack(0x0000000015e80000,0x0000000015f80000)]
  0x0000000014cd7800 JavaThread "Reference Handler" daemon [_thread_blocked, id=5504, stack(0x0000000015d10000,0x0000000015e10000)]
  0x0000000001e2c000 JavaThread "main" [_thread_blocked, id=4036, stack(0x0000000002060000,0x0000000002160000)]

Other Threads:
  0x0000000014cd0000 VMThread [stack: 0x0000000015b40000,0x0000000015c40000] [id=4368]
  0x0000000016475800 WatcherThread [stack: 0x0000000016db0000,0x0000000016eb0000] [id=3844]

=>0x0000000001e48800 (exited) GCTaskThread [stack: 0x0000000012170000,0x0000000012270000] [id=5760]

VM state:at safepoint (normal execution)

VM Mutex/Monitor currently owned by a thread:  ([mutex/lock_event])
[0x0000000001e29ed0] Threads_lock - owner thread: 0x0000000014cd0000
[0x0000000001e2a3d0] Heap_lock - owner thread: 0x0000000001e2c000

Heap:
 PSYoungGen      total 163840K, used 11452K [0x00000000eb700000, 0x00000000f8b00000, 0x0000000100000000)
  eden space 147968K, 0% used [0x00000000eb700000,0x00000000eb700000,0x00000000f4780000)
  from space 15872K, 72% used [0x00000000f4780000,0x00000000f52af3b0,0x00000000f5700000)
  to   space 16384K, 0% used [0x00000000f7b00000,0x00000000f7b00000,0x00000000f8b00000)
 ParOldGen       total 58880K, used 18428K [0x00000000c2400000, 0x00000000c5d80000, 0x00000000eb700000)
  object space 58880K, 31% used [0x00000000c2400000,0x00000000c35ff0a8,0x00000000c5d80000)
 Metaspace       used 56756K, capacity 59118K, committed 59160K, reserved 1099776K
  class space    used 7918K, capacity 8354K, committed 8360K, reserved 1048576K

Card table byte_map: [0x00000000117f0000,0x00000000119e0000] byte_map_base: 0x00000000111de000

Marking Bits: (ParMarkBitMap*) 0x000000006a9ef860
 Begin Bits: [0x0000000012270000, 0x00000000131e0000)
 End Bits:   [0x00000000131e0000, 0x0000000014150000)

Polling page: 0x0000000000310000

CodeCache: size=245760Kb used=14829Kb max_used=14841Kb free=230930Kb
 bounds [0x0000000002430000, 0x00000000032c0000, 0x0000000011430000]
 total_blobs=4608 nmethods=4091 adapters=430
 compilation: enabled

Compilation events (10 events):
Event: 25.758 Thread 0x00000000163d3800 4587       3       org.springframework.context.support.AbstractApplicationContext::assertBeanFactoryActive (81 bytes)
Event: 25.761 Thread 0x00000000163d3800 nmethod 4587 0x00000000032a3bd0 code [0x00000000032a3e40, 0x00000000032a5098]
Event: 25.780 Thread 0x00000000163c0800 nmethod 4519 0x00000000032bd790 code [0x00000000032bd9c0, 0x00000000032be9a0]
Event: 25.780 Thread 0x00000000163c0800 4583       4       org.springframework.core.BridgeMethodResolver::isVisibilityBridgeMethodPair (41 bytes)
Event: 25.787 Thread 0x00000000163c0800 nmethod 4583 0x00000000032a35d0 code [0x00000000032a3720, 0x00000000032a39a8]
Event: 25.787 Thread 0x00000000163c0800 4582   !   4       org.springframework.core.annotation.AnnotatedElementUtils::searchWithGetSemantics (54 bytes)
Event: 25.814 Thread 0x00000000163d3800 4588       1       org.springframework.util.MimeType::getType (5 bytes)
Event: 25.814 Thread 0x00000000163d3800 nmethod 4588 0x0000000002c21d50 code [0x0000000002c21ea0, 0x0000000002c21fb0]
Event: 25.815 Thread 0x00000000163d3800 4589       1       org.springframework.util.MimeType::getSubtype (5 bytes)
Event: 25.815 Thread 0x00000000163d3800 nmethod 4589 0x0000000002c21a90 code [0x0000000002c21be0, 0x0000000002c21cf0]

GC Heap History (10 events):
Event: 15.481 GC heap after
Heap after GC invocations=11 (full 1):
 PSYoungGen      total 132096K, used 9598K [0x00000000eb700000, 0x00000000f4600000, 0x0000000100000000)
  eden space 120320K, 0% used [0x00000000eb700000,0x00000000eb700000,0x00000000f2c80000)
  from space 11776K, 81% used [0x00000000f3900000,0x00000000f425fa40,0x00000000f4480000)
  to   space 12800K, 0% used [0x00000000f2c80000,0x00000000f2c80000,0x00000000f3900000)
 ParOldGen       total 37888K, used 19574K [0x00000000c2400000, 0x00000000c4900000, 0x00000000eb700000)
  object space 37888K, 51% used [0x00000000c2400000,0x00000000c371db80,0x00000000c4900000)
 Metaspace       used 33917K, capacity 35472K, committed 35496K, reserved 1079296K
  class space    used 4446K, capacity 4753K, committed 4776K, reserved 1048576K
}
Event: 15.481 GC heap before
{Heap before GC invocations=12 (full 2):
 PSYoungGen      total 132096K, used 9598K [0x00000000eb700000, 0x00000000f4600000, 0x0000000100000000)
  eden space 120320K, 0% used [0x00000000eb700000,0x00000000eb700000,0x00000000f2c80000)
  from space 11776K, 81% used [0x00000000f3900000,0x00000000f425fa40,0x00000000f4480000)
  to   space 12800K, 0% used [0x00000000f2c80000,0x00000000f2c80000,0x00000000f3900000)
 ParOldGen       total 37888K, used 19574K [0x00000000c2400000, 0x00000000c4900000, 0x00000000eb700000)
  object space 37888K, 51% used [0x00000000c2400000,0x00000000c371db80,0x00000000c4900000)
 Metaspace       used 33917K, capacity 35472K, committed 35496K, reserved 1079296K
  class space    used 4446K, capacity 4753K, committed 4776K, reserved 1048576K
Event: 15.784 GC heap after
Heap after GC invocations=12 (full 2):
 PSYoungGen      total 132096K, used 0K [0x00000000eb700000, 0x00000000f4600000, 0x0000000100000000)
  eden space 120320K, 0% used [0x00000000eb700000,0x00000000eb700000,0x00000000f2c80000)
  from space 11776K, 0% used [0x00000000f3900000,0x00000000f3900000,0x00000000f4480000)
  to   space 12800K, 0% used [0x00000000f2c80000,0x00000000f2c80000,0x00000000f3900000)
 ParOldGen       total 58880K, used 18412K [0x00000000c2400000, 0x00000000c5d80000, 0x00000000eb700000)
  object space 58880K, 31% used [0x00000000c2400000,0x00000000c35fb0a8,0x00000000c5d80000)
 Metaspace       used 33917K, capacity 35472K, committed 35496K, reserved 1079296K
  class space    used 4446K, capacity 4753K, committed 4776K, reserved 1048576K
}
Event: 19.735 GC heap before
{Heap before GC invocations=13 (full 2):
 PSYoungGen      total 132096K, used 120320K [0x00000000eb700000, 0x00000000f4600000, 0x0000000100000000)
  eden space 120320K, 100% used [0x00000000eb700000,0x00000000f2c80000,0x00000000f2c80000)
  from space 11776K, 0% used [0x00000000f3900000,0x00000000f3900000,0x00000000f4480000)
  to   space 12800K, 0% used [0x00000000f2c80000,0x00000000f2c80000,0x00000000f3900000)
 ParOldGen       total 58880K, used 18412K [0x00000000c2400000, 0x00000000c5d80000, 0x00000000eb700000)
  object space 58880K, 31% used [0x00000000c2400000,0x00000000c35fb0a8,0x00000000c5d80000)
 Metaspace       used 44660K, capacity 46312K, committed 46632K, reserved 1089536K
  class space    used 6050K, capacity 6379K, committed 6440K, reserved 1048576K
Event: 19.764 GC heap after
Heap after GC invocations=13 (full 2):
 PSYoungGen      total 133120K, used 11583K [0x00000000eb700000, 0x00000000f6580000, 0x0000000100000000)
  eden space 120320K, 0% used [0x00000000eb700000,0x00000000eb700000,0x00000000f2c80000)
  from space 12800K, 90% used [0x00000000f2c80000,0x00000000f37cfe60,0x00000000f3900000)
  to   space 13824K, 0% used [0x00000000f5800000,0x00000000f5800000,0x00000000f6580000)
 ParOldGen       total 58880K, used 18420K [0x00000000c2400000, 0x00000000c5d80000, 0x00000000eb700000)
  object space 58880K, 31% used [0x00000000c2400000,0x00000000c35fd0a8,0x00000000c5d80000)
 Metaspace       used 44660K, capacity 46312K, committed 46632K, reserved 1089536K
  class space    used 6050K, capacity 6379K, committed 6440K, reserved 1048576K
}
Event: 23.956 GC heap before
{Heap before GC invocations=14 (full 2):
 PSYoungGen      total 133120K, used 131903K [0x00000000eb700000, 0x00000000f6580000, 0x0000000100000000)
  eden space 120320K, 100% used [0x00000000eb700000,0x00000000f2c80000,0x00000000f2c80000)
  from space 12800K, 90% used [0x00000000f2c80000,0x00000000f37cfe60,0x00000000f3900000)
  to   space 13824K, 0% used [0x00000000f5800000,0x00000000f5800000,0x00000000f6580000)
 ParOldGen       total 58880K, used 18420K [0x00000000c2400000, 0x00000000c5d80000, 0x00000000eb700000)
  object space 58880K, 31% used [0x00000000c2400000,0x00000000c35fd0a8,0x00000000c5d80000)
 Metaspace       used 53500K, capacity 55784K, committed 56104K, reserved 1097728K
  class space    used 7435K, capacity 7865K, committed 7976K, reserved 1048576K
Event: 23.992 GC heap after
Heap after GC invocations=14 (full 2):
 PSYoungGen      total 161792K, used 13373K [0x00000000eb700000, 0x00000000f6680000, 0x0000000100000000)
  eden space 147968K, 0% used [0x00000000eb700000,0x00000000eb700000,0x00000000f4780000)
  from space 13824K, 96% used [0x00000000f5800000,0x00000000f650f6e0,0x00000000f6580000)
  to   space 15872K, 0% used [0x00000000f4780000,0x00000000f4780000,0x00000000f5700000)
 ParOldGen       total 58880K, used 18428K [0x00000000c2400000, 0x00000000c5d80000, 0x00000000eb700000)
  object space 58880K, 31% used [0x00000000c2400000,0x00000000c35ff0a8,0x00000000c5d80000)
 Metaspace       used 53500K, capacity 55784K, committed 56104K, reserved 1097728K
  class space    used 7435K, capacity 7865K, committed 7976K, reserved 1048576K
}
Event: 25.817 GC heap before
{Heap before GC invocations=15 (full 2):
 PSYoungGen      total 161792K, used 69804K [0x00000000eb700000, 0x00000000f6680000, 0x0000000100000000)
  eden space 147968K, 38% used [0x00000000eb700000,0x00000000eee1bcf8,0x00000000f4780000)
  from space 13824K, 96% used [0x00000000f5800000,0x00000000f650f6e0,0x00000000f6580000)
  to   space 15872K, 0% used [0x00000000f4780000,0x00000000f4780000,0x00000000f5700000)
 ParOldGen       total 58880K, used 18428K [0x00000000c2400000, 0x00000000c5d80000, 0x00000000eb700000)
  object space 58880K, 31% used [0x00000000c2400000,0x00000000c35ff0a8,0x00000000c5d80000)
 Metaspace       used 56756K, capacity 59118K, committed 59160K, reserved 1099776K
  class space    used 7918K, capacity 8354K, committed 8360K, reserved 1048576K
Event: 25.867 GC heap after
Heap after GC invocations=15 (full 2):
 PSYoungGen      total 163840K, used 11452K [0x00000000eb700000, 0x00000000f8b00000, 0x0000000100000000)
  eden space 147968K, 0% used [0x00000000eb700000,0x00000000eb700000,0x00000000f4780000)
  from space 15872K, 72% used [0x00000000f4780000,0x00000000f52af3b0,0x00000000f5700000)
  to   space 16384K, 0% used [0x00000000f7b00000,0x00000000f7b00000,0x00000000f8b00000)
 ParOldGen       total 58880K, used 18428K [0x00000000c2400000, 0x00000000c5d80000, 0x00000000eb700000)
  object space 58880K, 31% used [0x00000000c2400000,0x00000000c35ff0a8,0x00000000c5d80000)
 Metaspace       used 56756K, capacity 59118K, committed 59160K, reserved 1099776K
  class space    used 7918K, capacity 8354K, committed 8360K, reserved 1048576K
}
Event: 25.867 GC heap before
{Heap before GC invocations=16 (full 3):
 PSYoungGen      total 163840K, used 11452K [0x00000000eb700000, 0x00000000f8b00000, 0x0000000100000000)
  eden space 147968K, 0% used [0x00000000eb700000,0x00000000eb700000,0x00000000f4780000)
  from space 15872K, 72% used [0x00000000f4780000,0x00000000f52af3b0,0x00000000f5700000)
  to   space 16384K, 0% used [0x00000000f7b00000,0x00000000f7b00000,0x00000000f8b00000)
 ParOldGen       total 58880K, used 18428K [0x00000000c2400000, 0x00000000c5d80000, 0x00000000eb700000)
  object space 58880K, 31% used [0x00000000c2400000,0x00000000c35ff0a8,0x00000000c5d80000)
 Metaspace       used 56756K, capacity 59118K, committed 59160K, reserved 1099776K
  class space    used 7918K, capacity 8354K, committed 8360K, reserved 1048576K

Deoptimization events (10 events):
Event: 24.755 Thread 0x0000000001e2c000 Uncommon trap: reason=unstable_if action=reinterpret pc=0x000000000302add4 method=sun.net.www.protocol.jar.Handler.parseURL(Ljava/net/URL;Ljava/lang/String;II)V @ 94
Event: 25.103 Thread 0x0000000001e2c000 Uncommon trap: reason=class_check action=maybe_recompile pc=0x00000000031e0144 method=org.springframework.core.annotation.AnnotationUtils.getAnnotatedMethodsInBaseType(Ljava/lang/Class;)Ljava/util/Set; @ 29
Event: 25.359 Thread 0x0000000001e2c000 Uncommon trap: reason=unstable_if action=reinterpret pc=0x0000000002faae24 method=java.util.concurrent.ConcurrentHashMap.putVal(Ljava/lang/Object;Ljava/lang/Object;Z)Ljava/lang/Object; @ 331
Event: 25.361 Thread 0x0000000001e2c000 Uncommon trap: reason=class_check action=maybe_recompile pc=0x000000000292b908 method=java.util.concurrent.ConcurrentHashMap.get(Ljava/lang/Object;)Ljava/lang/Object; @ 93
Event: 25.361 Thread 0x0000000001e2c000 Uncommon trap: reason=class_check action=maybe_recompile pc=0x000000000292b908 method=java.util.concurrent.ConcurrentHashMap.get(Ljava/lang/Object;)Ljava/lang/Object; @ 93
Event: 25.362 Thread 0x0000000001e2c000 Uncommon trap: reason=class_check action=maybe_recompile pc=0x000000000292b908 method=java.util.concurrent.ConcurrentHashMap.get(Ljava/lang/Object;)Ljava/lang/Object; @ 93
Event: 25.362 Thread 0x0000000001e2c000 Uncommon trap: reason=class_check action=maybe_recompile pc=0x000000000292b908 method=java.util.concurrent.ConcurrentHashMap.get(Ljava/lang/Object;)Ljava/lang/Object; @ 93
Event: 25.368 Thread 0x0000000001e2c000 Uncommon trap: reason=unstable_if action=reinterpret pc=0x0000000002840054 method=java.util.concurrent.ConcurrentHashMap.transfer([Ljava/util/concurrent/ConcurrentHashMap$Node;[Ljava/util/concurrent/ConcurrentHashMap$Node;)V @ 356
Event: 25.569 Thread 0x0000000001e2c000 Uncommon trap: reason=class_check action=maybe_recompile pc=0x00000000031e0144 method=org.springframework.core.annotation.AnnotationUtils.getAnnotatedMethodsInBaseType(Ljava/lang/Class;)Ljava/util/Set; @ 29
Event: 25.631 Thread 0x0000000001e2c000 Uncommon trap: reason=class_check action=maybe_recompile pc=0x00000000031e0144 method=org.springframework.core.annotation.AnnotationUtils.getAnnotatedMethodsInBaseType(Ljava/lang/Class;)Ljava/util/Set; @ 29

Classes redefined (0 events):
No events

Internal exceptions (10 events):
Event: 23.944 Thread 0x0000000001e2c000 Exception <a 'java/lang/ClassNotFoundException': org/springframework/security/config/annotation/web/configuration/WebSecurityConfigurationCustomizer> (0x00000000f2bac5a8) thrown at [C:\re\workspace\8-2-build-windows-amd64-cygwin\jdk8u161\10277\hotspot\src
Event: 23.947 Thread 0x0000000001e2c000 Exception <a 'java/lang/ClassNotFoundException': org/springframework/security/config/annotation/web/configuration/WebSecurityConfiguration$$EnhancerBySpringCGLIB$$70d5ef17Customizer> (0x00000000f2be9e58) thrown at [C:\re\workspace\8-2-build-windows-amd64-
Event: 23.950 Thread 0x0000000001e2c000 Exception <a 'java/lang/ClassNotFoundException': org/springframework/context/annotation/ConfigurationClassEnhancer$EnhancedConfigurationCustomizer> (0x00000000f2c1c310) thrown at [C:\re\workspace\8-2-build-windows-amd64-cygwin\jdk8u161\10277\hotspot\src\s
Event: 23.951 Thread 0x0000000001e2c000 Exception <a 'java/lang/ClassNotFoundException': org/springframework/beans/factory/BeanFactoryAwareCustomizer> (0x00000000f2c36f00) thrown at [C:\re\workspace\8-2-build-windows-amd64-cygwin\jdk8u161\10277\hotspot\src\share\vm\classfile\systemDictionary.cp
Event: 23.953 Thread 0x0000000001e2c000 Exception <a 'java/lang/ClassNotFoundException': org/springframework/beans/factory/AwareCustomizer> (0x00000000f2c4f440) thrown at [C:\re\workspace\8-2-build-windows-amd64-cygwin\jdk8u161\10277\hotspot\src\share\vm\classfile\systemDictionary.cpp, line 210
Event: 23.954 Thread 0x0000000001e2c000 Exception <a 'java/lang/ClassNotFoundException': org/springframework/context/annotation/ImportAwareCustomizer> (0x00000000f2c69f00) thrown at [C:\re\workspace\8-2-build-windows-amd64-cygwin\jdk8u161\10277\hotspot\src\share\vm\classfile\systemDictionary.cp
Event: 23.993 Thread 0x0000000001e2c000 Exception <a 'java/lang/ClassNotFoundException': org/springframework/beans/factory/AwareCustomizer> (0x00000000eb702088) thrown at [C:\re\workspace\8-2-build-windows-amd64-cygwin\jdk8u161\10277\hotspot\src\share\vm\classfile\systemDictionary.cpp, line 210
Event: 23.994 Thread 0x0000000001e2c000 Exception <a 'java/lang/ClassNotFoundException': org/springframework/beans/factory/BeanClassLoaderAwareCustomizer> (0x00000000eb71df30) thrown at [C:\re\workspace\8-2-build-windows-amd64-cygwin\jdk8u161\10277\hotspot\src\share\vm\classfile\systemDictionar
Event: 24.000 Thread 0x0000000001e2c000 Exception <a 'java/lang/ClassNotFoundException': org/springframework/beans/factory/AwareCustomizer> (0x00000000eb736038) thrown at [C:\re\workspace\8-2-build-windows-amd64-cygwin\jdk8u161\10277\hotspot\src\share\vm\classfile\systemDictionary.cpp, line 210
Event: 24.463 Thread 0x0000000001e2c000 Implicit null exception at 0x000000000320c5f7 to 0x000000000320e929

Events (10 events):
Event: 25.812 loading class org/springframework/web/servlet/mvc/method/annotation/RequestPartMethodArgumentResolver done
Event: 25.814 loading class org/springframework/web/method/annotation/RequestHeaderMethodArgumentResolver
Event: 25.814 loading class org/springframework/web/method/annotation/RequestHeaderMethodArgumentResolver done
Event: 25.815 loading class org/springframework/web/method/annotation/RequestHeaderMethodArgumentResolver$RequestHeaderNamedValueInfo
Event: 25.815 loading class org/springframework/web/method/annotation/RequestHeaderMethodArgumentResolver$RequestHeaderNamedValueInfo done
Event: 25.816 loading class org/springframework/web/bind/MissingRequestHeaderException
Event: 25.816 loading class org/springframework/web/bind/MissingRequestHeaderException done
Event: 25.817 loading class org/springframework/web/method/annotation/RequestHeaderMapMethodArgumentResolver
Event: 25.817 loading class org/springframework/web/method/annotation/RequestHeaderMapMethodArgumentResolver done
Event: 25.817 Executing VM operation: CollectForMetadataAllocation


Dynamic libraries:
0x000000013fc30000 - 0x000000013fc67000 	C:\Program Files\Java\jre1.8.0_161\bin\javaw.exe
0x0000000076e30000 - 0x0000000076fcf000 	C:\Windows\SYSTEM32\ntdll.dll
0x000007feeedf0000 - 0x000007feeee02000 	C:\Program Files\AVAST Software\Avast\aswhook.dll
0x0000000076c10000 - 0x0000000076d2f000 	C:\Windows\system32\kernel32.dll
0x000007fefcbd0000 - 0x000007fefcc3a000 	C:\Windows\system32\KERNELBASE.dll
0x000007fefd1b0000 - 0x000007fefd28b000 	C:\Windows\system32\ADVAPI32.dll
0x000007fefd290000 - 0x000007fefd32f000 	C:\Windows\system32\msvcrt.dll
0x000007fefed40000 - 0x000007fefed5f000 	C:\Windows\SYSTEM32\sechost.dll
0x000007fefeeb0000 - 0x000007fefefdc000 	C:\Windows\system32\RPCRT4.dll
0x0000000076d30000 - 0x0000000076e2a000 	C:\Windows\system32\USER32.dll
0x000007fefdce0000 - 0x000007fefdd47000 	C:\Windows\system32\GDI32.dll
0x000007fefd1a0000 - 0x000007fefd1ae000 	C:\Windows\system32\LPK.dll
0x000007fefdd50000 - 0x000007fefde1b000 	C:\Windows\system32\USP10.dll
0x000007fefaf80000 - 0x000007fefb175000 	C:\Windows\WinSxS\amd64_microsoft.windows.common-controls_6595b64144ccf1df_6.0.7601.24440_none_e36f1bbf30ff0606\COMCTL32.dll
0x000007fefecc0000 - 0x000007fefed31000 	C:\Windows\system32\SHLWAPI.dll
0x000007fefede0000 - 0x000007fefee0e000 	C:\Windows\system32\IMM32.DLL
0x000007fefebb0000 - 0x000007fefecb9000 	C:\Windows\system32\MSCTF.dll
0x00000000704f0000 - 0x00000000705c2000 	C:\Program Files\Java\jre1.8.0_161\bin\msvcr100.dll
0x000000006a1d0000 - 0x000000006aa6f000 	C:\Program Files\Java\jre1.8.0_161\bin\server\jvm.dll
0x000007fef9270000 - 0x000007fef9279000 	C:\Windows\system32\WSOCK32.dll
0x000007fefeff0000 - 0x000007feff03d000 	C:\Windows\system32\WS2_32.dll
0x000007fefefe0000 - 0x000007fefefe8000 	C:\Windows\system32\NSI.dll
0x000007feeee80000 - 0x000007feeeebb000 	C:\Windows\system32\WINMM.dll
0x000007fefb9a0000 - 0x000007fefb9ac000 	C:\Windows\system32\VERSION.dll
0x0000000076fd0000 - 0x0000000076fd7000 	C:\Windows\system32\PSAPI.DLL
0x0000000074240000 - 0x000000007424f000 	C:\Program Files\Java\jre1.8.0_161\bin\verify.dll
0x0000000074210000 - 0x0000000074239000 	C:\Program Files\Java\jre1.8.0_161\bin\java.dll
0x00000000741f0000 - 0x0000000074206000 	C:\Program Files\Java\jre1.8.0_161\bin\zip.dll
0x000007fefde20000 - 0x000007fefebab000 	C:\Windows\system32\SHELL32.dll
0x000007fefcfa0000 - 0x000007fefd19f000 	C:\Windows\system32\ole32.dll
0x000007fefc910000 - 0x000007fefc91f000 	C:\Windows\system32\profapi.dll
0x0000000074190000 - 0x000000007419d000 	C:\Program Files\Java\jre1.8.0_161\bin\management.dll
0x00000000741d0000 - 0x00000000741ea000 	C:\Program Files\Java\jre1.8.0_161\bin\net.dll
0x000007fefc050000 - 0x000007fefc0a5000 	C:\Windows\system32\mswsock.dll
0x000007fefc040000 - 0x000007fefc047000 	C:\Windows\System32\wship6.dll
0x000007fefa390000 - 0x000007fefa3a5000 	C:\Windows\system32\NLAapi.dll
0x000007fef6390000 - 0x000007fef63a5000 	C:\Windows\system32\napinsp.dll
0x000007fef6370000 - 0x000007fef6389000 	C:\Windows\system32\pnrpnsp.dll
0x000007fef6360000 - 0x000007fef6370000 	C:\Windows\system32\wshbth.dll
0x000007fefbed0000 - 0x000007fefbf2b000 	C:\Windows\system32\DNSAPI.dll
0x000007fef6350000 - 0x000007fef635b000 	C:\Windows\System32\winrnr.dll
0x000007fefbac0000 - 0x000007fefbac7000 	C:\Windows\System32\wshtcpip.dll
0x000007fef99e0000 - 0x000007fef9a07000 	C:\Windows\system32\IPHLPAPI.DLL
0x000007fef99d0000 - 0x000007fef99db000 	C:\Windows\system32\WINNSI.DLL
0x000007fef6340000 - 0x000007fef6348000 	C:\Windows\system32\rasadhlp.dll
0x000007fef9870000 - 0x000007fef98c3000 	C:\Windows\System32\fwpuclnt.dll
0x00000000741b0000 - 0x00000000741c1000 	C:\Program Files\Java\jre1.8.0_161\bin\nio.dll
0x000007fefc0b0000 - 0x000007fefc0c8000 	C:\Windows\system32\CRYPTSP.dll
0x000007fefbdb0000 - 0x000007fefbdf7000 	C:\Windows\system32\rsaenh.dll
0x000007fefccb0000 - 0x000007fefccce000 	C:\Windows\system32\USERENV.dll
0x000007fefc770000 - 0x000007fefc77f000 	C:\Windows\system32\CRYPTBASE.dll
0x000007fef97d0000 - 0x000007fef97e8000 	C:\Windows\system32\dhcpcsvc.DLL
0x000007fef97b0000 - 0x000007fef97c1000 	C:\Windows\system32\dhcpcsvc6.DLL
0x000007fefa180000 - 0x000007fefa2a5000 	C:\Windows\system32\dbghelp.dll

VM Arguments:
jvm_args: -Dfile.encoding=UTF-8 
java_command: com.popiang.App
java_class_path (initial): C:\Users\Pop\eclipse-workspace2\spring_boot_tutorial\target\classes;C:\Users\Pop\.m2\repository\org\springframework\boot\spring-boot-starter-web\2.1.4.RELEASE\spring-boot-starter-web-2.1.4.RELEASE.jar;C:\Users\Pop\.m2\repository\org\springframework\boot\spring-boot-starter\2.1.4.RELEASE\spring-boot-starter-2.1.4.RELEASE.jar;C:\Users\Pop\.m2\repository\org\springframework\boot\spring-boot\2.1.4.RELEASE\spring-boot-2.1.4.RELEASE.jar;C:\Users\Pop\.m2\repository\org\springframework\boot\spring-boot-autoconfigure\2.1.4.RELEASE\spring-boot-autoconfigure-2.1.4.RELEASE.jar;C:\Users\Pop\.m2\repository\org\springframework\boot\spring-boot-starter-logging\2.1.4.RELEASE\spring-boot-starter-logging-2.1.4.RELEASE.jar;C:\Users\Pop\.m2\repository\ch\qos\logback\logback-classic\1.2.3\logback-classic-1.2.3.jar;C:\Users\Pop\.m2\repository\ch\qos\logback\logback-core\1.2.3\logback-core-1.2.3.jar;C:\Users\Pop\.m2\repository\org\apache\logging\log4j\log4j-to-slf4j\2.11.2\log4j-to-slf4j-2.11.2.jar;C:\Users\Pop\.m2\repository\org\apache\logging\log4j\log4j-api\2.11.2\log4j-api-2.11.2.jar;C:\Users\Pop\.m2\repository\org\slf4j\jul-to-slf4j\1.7.26\jul-to-slf4j-1.7.26.jar;C:\Users\Pop\.m2\repository\javax\annotation\javax.annotation-api\1.3.2\javax.annotation-api-1.3.2.jar;C:\Users\Pop\.m2\repository\org\yaml\snakeyaml\1.23\snakeyaml-1.23.jar;C:\Users\Pop\.m2\repository\org\springframework\boot\spring-boot-starter-json\2.1.4.RELEASE\spring-boot-starter-json-2.1.4.RELEASE.jar;C:\Users\Pop\.m2\repository\com\fasterxml\jackson\core\jackson-databind\2.9.8\jackson-databind-2.9.8.jar;C:\Users\Pop\.m2\repository\com\fasterxml\jackson\core\jackson-annotations\2.9.0\jackson-annotations-2.9.0.jar;C:\Users\Pop\.m2\repository\com\fasterxml\jackson\core\jackson-core\2.9.8\jackson-core-2.9.8.jar;C:\Users\Pop\.m2\repository\com\fasterxml\jackson\datatype\jackson-datatype-jdk8\2.9.8\jackson-datatype-jdk8-2.9.8.jar;C:\Users\Pop\.m2\repository\com\fasterxml\jackson\datatype\jackson-
Launcher Type: SUN_STANDARD

Environment Variables:
PATH=C:/Program Files/Java/jre1.8.0_161/bin/server;C:/Program Files/Java/jre1.8.0_161/bin;C:/Program Files/Java/jre1.8.0_161/lib/amd64;C:\Program Files\Java\jdk1.8.0_144;C:\ProgramData\Oracle\Java\javapath;C:\oraclexe\app\oracle\product\11.2.0\server\bin;C:\Windows\system32;C:\Windows;C:\Windows\System32\Wbem;C:\Windows\System32\WindowsPowerShell\v1.0\;C:\Program Files\WIDCOMM\Bluetooth Software\;C:\Program Files\WIDCOMM\Bluetooth Software\syswow64;\;C:\Program Files (x86)\Sony\VAIO Startup Setting Tool;c:\Program Files (x86)\ATI Technologies\ATI.ACE\Core-Static;C:\Program Files (x86)\AMD\ATI.ACE\Core-Static;C:\Program Files\Git\cmd;C:\Program Files\MySQL\MySQL Utilities 1.6\;C:\Program Files\Java\jdk-9\bin\ ;C:\Program Files (x86)\Brackets\command;C:\Program Files\dotnet\;C:\Program Files\Microsoft SQL Server\130\Tools\Binn\;;C:\Program Files\Microsoft VS Code\bin;C:\Users\Pop\Desktop\Shortcuts;
USERNAME=Pop
OS=Windows_NT
PROCESSOR_IDENTIFIER=Intel64 Family 6 Model 37 Stepping 5, GenuineIntel



---------------  S Y S T E M  ---------------

OS: Windows 7 , 64 bit Build 7601 (6.1.7601.24441)

CPU:total 4 (initial active 4) (2 cores per cpu, 2 threads per core) family 6 model 37 stepping 5, cmov, cx8, fxsr, mmx, sse, sse2, sse3, ssse3, sse4.1, sse4.2, popcnt, ht, tsc, tscinvbit

Memory: 4k page, physical 4044900k(1008628k free), swap 8087900k(3580076k free)

vm_info: Java HotSpot(TM) 64-Bit Server VM (25.161-b12) for windows-amd64 JRE (1.8.0_161-b12), built on Dec 19 2017 17:52:25 by "java_re" with MS VC++ 10.0 (VS2010)

time: Wed May 22 17:38:11 2019
elapsed time: 26 seconds (0d 0h 0m 26s)

