#
# A fatal error has been detected by the Java Runtime Environment:
#
#  EXCEPTION_ACCESS_VIOLATION (0xc0000005) at pc=0x000000006f3f2d60, pid=6012, tid=0x0000000000000c10
#
# JRE version: Java(TM) SE Runtime Environment (8.0_161-b12) (build 1.8.0_161-b12)
# Java VM: Java HotSpot(TM) 64-Bit Server VM (25.161-b12 mixed mode windows-amd64 compressed oops)
# Problematic frame:
# V  [jvm.dll+0x4a2d60]
#
# Failed to write core dump. Minidumps are not enabled by default on client versions of Windows
#
# If you would like to submit a bug report, please visit:
#   http://bugreport.java.com/bugreport/crash.jsp
#

---------------  T H R E A D  ---------------

Current thread (0x0000000016330800):  JavaThread "C2 CompilerThread0" daemon [_thread_in_native, id=3088, stack(0x0000000016820000,0x0000000016920000)]

siginfo: ExceptionCode=0xc0000005, reading address 0xffffffffffffffff

Registers:
RAX=0x0000000000000000, RBX=0x000000001bc04f50, RCX=0x001000006f76ffa0, RDX=0x0000000000000000
RSP=0x000000001691bfb0, RBP=0x000000000000002a, RSI=0x0000000000000150, RDI=0x000000001691c000
R8 =0x0000000002000000, R9 =0x000000001783cce0, R10=0x000000006ef50000, R11=0x000000001691bdd0
R12=0x000000006f76ffa0, R13=0x000000006ef50000, R14=0x00000000176b9e78, R15=0x00000000000003d8
RIP=0x000000006f3f2d60, EFLAGS=0x0000000000010246

Top of Stack: (sp=0x000000001691bfb0)
0x000000001691bfb0:   000000001691e780 000000001bbf6b30
0x000000001691bfc0:   fffffffffffffff8 0000000014befd10
0x000000001691bfd0:   0000000000000219 000000006f3ede2f
0x000000001691bfe0:   000000001bc04b90 000000001bc04f50
0x000000001691bff0:   0000000000000219 000000001691c0e0
0x000000001691c000:   0000021900000000 0000000000000001
0x000000001691c010:   001000006f76ffa0 0000000000000003
0x000000001691c020:   000000001b56bd10 000000000000003c
0x000000001691c030:   000000001bc04ff0 000000001691c3d0
0x000000001691c040:   00000000176b9aa0 000000001691c3d0
0x000000001691c050:   00000000176b9a90 000000006f3b9cb1
0x000000001691c060:   0000000000000000 000000001691c160
0x000000001691c070:   0000000000000000 0000000000000009
0x000000001691c080:   0000000000000002 00000000176b9a90
0x000000001691c090:   0000000018359f90 000000001835e080
0x000000001691c0a0:   0000000018361f78 00000000010ef040 

Instructions: (pc=0x000000006f3f2d60)
0x000000006f3f2d40:   48 8b 4f 20 48 39 04 0e 0f 84 9d 00 00 00 48 8b
0x000000006f3f2d50:   0c 0e 33 d2 33 c0 48 89 4f 10 66 0f 1f 44 00 00
0x000000006f3f2d60:   83 3c 08 00 0f 85 36 01 00 00 ff c2 48 83 c0 04
0x000000006f3f2d70:   83 fa 08 72 eb 48 8b 47 30 48 89 44 24 30 48 85 


Register to memory mapping:

RAX=0x0000000000000000 is an unknown value
RBX=0x000000001bc04f50 is an unknown value
RCX=0x001000006f76ffa0 is an unknown value
RDX=0x0000000000000000 is an unknown value
RSP=0x000000001691bfb0 is pointing into the stack for thread: 0x0000000016330800
RBP=0x000000000000002a is an unknown value
RSI=0x0000000000000150 is an unknown value
RDI=0x000000001691c000 is pointing into the stack for thread: 0x0000000016330800
R8 =0x0000000002000000 is an unknown value
R9 =0x000000001783cce0 is an unknown value
R10=0x000000006ef50000 is an unknown value
R11=0x000000001691bdd0 is pointing into the stack for thread: 0x0000000016330800
R12=0x000000006f76ffa0 is an unknown value
R13=0x000000006ef50000 is an unknown value
R14=0x00000000176b9e78 is an unknown value
R15=0x00000000000003d8 is an unknown value


Stack: [0x0000000016820000,0x0000000016920000],  sp=0x000000001691bfb0,  free space=1007k
Native frames: (J=compiled Java code, j=interpreted, Vv=VM code, C=native code)
V  [jvm.dll+0x4a2d60]
V  [jvm.dll+0x49de2f]
V  [jvm.dll+0x469cb1]
V  [jvm.dll+0x47505b]
V  [jvm.dll+0x477967]
V  [jvm.dll+0x45a172]
V  [jvm.dll+0xa6052]
V  [jvm.dll+0xa699f]
V  [jvm.dll+0x24533f]
V  [jvm.dll+0x29cc4a]
C  [msvcr100.dll+0x21d9f]
C  [msvcr100.dll+0x21e3b]
C  [kernel32.dll+0x1556d]
C  [ntdll.dll+0x5385d]


Current CompileTask:
C2:  12987 2145       4       java.net.URLClassLoader$1::run (5 bytes)


---------------  P R O C E S S  ---------------

Java Threads: ( => current thread )
  0x00000000163b0000 JavaThread "Service Thread" daemon [_thread_blocked, id=4780, stack(0x0000000016dd0000,0x0000000016ed0000)]
  0x0000000016343800 JavaThread "C1 CompilerThread2" daemon [_thread_blocked, id=7024, stack(0x0000000016c20000,0x0000000016d20000)]
  0x0000000016336800 JavaThread "C2 CompilerThread1" daemon [_thread_in_native, id=4636, stack(0x0000000016a20000,0x0000000016b20000)]
=>0x0000000016330800 JavaThread "C2 CompilerThread0" daemon [_thread_in_native, id=3088, stack(0x0000000016820000,0x0000000016920000)]
  0x0000000014c5c000 JavaThread "Attach Listener" daemon [_thread_blocked, id=6400, stack(0x0000000016230000,0x0000000016330000)]
  0x0000000014c5f800 JavaThread "Signal Dispatcher" daemon [_thread_blocked, id=6148, stack(0x0000000015c70000,0x0000000015d70000)]
  0x0000000014c41000 JavaThread "Finalizer" daemon [_thread_blocked, id=5516, stack(0x0000000016000000,0x0000000016100000)]
  0x0000000014bf7800 JavaThread "Reference Handler" daemon [_thread_blocked, id=6368, stack(0x0000000015ed0000,0x0000000015fd0000)]
  0x0000000001e3c000 JavaThread "main" [_thread_in_Java, id=6332, stack(0x0000000002250000,0x0000000002350000)]

Other Threads:
  0x0000000014bf0000 VMThread [stack: 0x0000000015d70000,0x0000000015e70000] [id=5768]
  0x0000000016410000 WatcherThread [stack: 0x0000000016f30000,0x0000000017030000] [id=5352]

VM state:not at safepoint (normal execution)

VM Mutex/Monitor currently owned by a thread: None

Heap:
 PSYoungGen      total 103936K, used 71494K [0x00000000eb700000, 0x00000000f3f80000, 0x0000000100000000)
  eden space 99840K, 67% used [0x00000000eb700000,0x00000000ef8fce48,0x00000000f1880000)
  from space 4096K, 95% used [0x00000000f3b80000,0x00000000f3f54ae0,0x00000000f3f80000)
  to   space 8704K, 0% used [0x00000000f2e80000,0x00000000f2e80000,0x00000000f3700000)
 ParOldGen       total 38912K, used 8964K [0x00000000c2400000, 0x00000000c4a00000, 0x00000000eb700000)
  object space 38912K, 23% used [0x00000000c2400000,0x00000000c2cc1010,0x00000000c4a00000)
 Metaspace       used 27990K, capacity 29062K, committed 29312K, reserved 1075200K
  class space    used 3689K, capacity 3928K, committed 3968K, reserved 1048576K

Card table byte_map: [0x00000000119e0000,0x0000000011bd0000] byte_map_base: 0x00000000113ce000

Marking Bits: (ParMarkBitMap*) 0x000000006f76f860
 Begin Bits: [0x0000000012190000, 0x0000000013100000)
 End Bits:   [0x0000000013100000, 0x0000000014070000)

Polling page: 0x0000000000210000

CodeCache: size=245760Kb used=9295Kb max_used=9295Kb free=236464Kb
 bounds [0x0000000002620000, 0x0000000002f50000, 0x0000000011620000]
 total_blobs=3078 nmethods=2681 adapters=309
 compilation: enabled

Compilation events (10 events):
Event: 12.741 Thread 0x0000000016343800 nmethod 2817 0x00000000027cf390 code [0x00000000027cf580, 0x00000000027cfe68]
Event: 12.742 Thread 0x0000000016343800 2819       2       java.lang.Class$MethodArray::removeLessSpecifics (111 bytes)
Event: 12.744 Thread 0x0000000016343800 nmethod 2819 0x000000000278aed0 code [0x000000000278b080, 0x000000000278b4b8]
Event: 12.745 Thread 0x0000000016343800 2818       2       java.lang.Class$MethodArray::hasDefaults (13 bytes)
Event: 12.745 Thread 0x0000000016343800 nmethod 2818 0x00000000028555d0 code [0x0000000002855720, 0x0000000002855890]
Event: 12.746 Thread 0x0000000016343800 2820       2       java.beans.PropertyEditorSupport::<init> (10 bytes)
Event: 12.746 Thread 0x0000000016343800 nmethod 2820 0x000000000275e8d0 code [0x000000000275ea20, 0x000000000275eb90]
Event: 12.777 Thread 0x0000000016343800 2821       2       sun.misc.ProxyGenerator::codeClassForName (41 bytes)
Event: 12.780 Thread 0x0000000016343800 nmethod 2821 0x000000000279e850 code [0x000000000279ea80, 0x000000000279f138]
Event: 12.781 Thread 0x0000000016343800 2822       2       sun.misc.ProxyGenerator$MethodInfo::write (283 bytes)

GC Heap History (10 events):
Event: 4.683 GC heap before
{Heap before GC invocations=3 (full 0):
 PSYoungGen      total 34304K, used 34276K [0x00000000eb700000, 0x00000000edb00000, 0x0000000100000000)
  eden space 31744K, 100% used [0x00000000eb700000,0x00000000ed600000,0x00000000ed600000)
  from space 2560K, 98% used [0x00000000ed880000,0x00000000edaf9050,0x00000000edb00000)
  to   space 2560K, 0% used [0x00000000ed600000,0x00000000ed600000,0x00000000ed880000)
 ParOldGen       total 42496K, used 1511K [0x00000000c2400000, 0x00000000c4d80000, 0x00000000eb700000)
  object space 42496K, 3% used [0x00000000c2400000,0x00000000c2579e38,0x00000000c4d80000)
 Metaspace       used 13146K, capacity 13604K, committed 13696K, reserved 1060864K
  class space    used 1759K, capacity 1907K, committed 1920K, reserved 1048576K
Event: 4.702 GC heap after
Heap after GC invocations=3 (full 0):
 PSYoungGen      total 34304K, used 2560K [0x00000000eb700000, 0x00000000efa00000, 0x0000000100000000)
  eden space 31744K, 0% used [0x00000000eb700000,0x00000000eb700000,0x00000000ed600000)
  from space 2560K, 100% used [0x00000000ed600000,0x00000000ed880000,0x00000000ed880000)
  to   space 2560K, 0% used [0x00000000ef780000,0x00000000ef780000,0x00000000efa00000)
 ParOldGen       total 42496K, used 4591K [0x00000000c2400000, 0x00000000c4d80000, 0x00000000eb700000)
  object space 42496K, 10% used [0x00000000c2400000,0x00000000c287bda0,0x00000000c4d80000)
 Metaspace       used 13146K, capacity 13604K, committed 13696K, reserved 1060864K
  class space    used 1759K, capacity 1907K, committed 1920K, reserved 1048576K
}
Event: 5.782 GC heap before
{Heap before GC invocations=4 (full 0):
 PSYoungGen      total 34304K, used 34304K [0x00000000eb700000, 0x00000000efa00000, 0x0000000100000000)
  eden space 31744K, 100% used [0x00000000eb700000,0x00000000ed600000,0x00000000ed600000)
  from space 2560K, 100% used [0x00000000ed600000,0x00000000ed880000,0x00000000ed880000)
  to   space 2560K, 0% used [0x00000000ef780000,0x00000000ef780000,0x00000000efa00000)
 ParOldGen       total 42496K, used 4591K [0x00000000c2400000, 0x00000000c4d80000, 0x00000000eb700000)
  object space 42496K, 10% used [0x00000000c2400000,0x00000000c287bda0,0x00000000c4d80000)
 Metaspace       used 16221K, capacity 16766K, committed 17024K, reserved 1064960K
  class space    used 2184K, capacity 2338K, committed 2432K, reserved 1048576K
Event: 5.835 GC heap after
Heap after GC invocations=4 (full 0):
 PSYoungGen      total 66048K, used 2548K [0x00000000eb700000, 0x00000000efa00000, 0x0000000100000000)
  eden space 63488K, 0% used [0x00000000eb700000,0x00000000eb700000,0x00000000ef500000)
  from space 2560K, 99% used [0x00000000ef780000,0x00000000ef9fd060,0x00000000efa00000)
  to   space 2560K, 0% used [0x00000000ef500000,0x00000000ef500000,0x00000000ef780000)
 ParOldGen       total 42496K, used 7728K [0x00000000c2400000, 0x00000000c4d80000, 0x00000000eb700000)
  object space 42496K, 18% used [0x00000000c2400000,0x00000000c2b8c128,0x00000000c4d80000)
 Metaspace       used 16221K, capacity 16766K, committed 17024K, reserved 1064960K
  class space    used 2184K, capacity 2338K, committed 2432K, reserved 1048576K
}
Event: 7.795 GC heap before
{Heap before GC invocations=5 (full 0):
 PSYoungGen      total 66048K, used 39434K [0x00000000eb700000, 0x00000000efa00000, 0x0000000100000000)
  eden space 63488K, 58% used [0x00000000eb700000,0x00000000edb05868,0x00000000ef500000)
  from space 2560K, 99% used [0x00000000ef780000,0x00000000ef9fd060,0x00000000efa00000)
  to   space 2560K, 0% used [0x00000000ef500000,0x00000000ef500000,0x00000000ef780000)
 ParOldGen       total 42496K, used 7728K [0x00000000c2400000, 0x00000000c4d80000, 0x00000000eb700000)
  object space 42496K, 18% used [0x00000000c2400000,0x00000000c2b8c128,0x00000000c4d80000)
 Metaspace       used 20674K, capacity 21208K, committed 21296K, reserved 1067008K
  class space    used 2718K, capacity 2901K, committed 2944K, reserved 1048576K
Event: 7.905 GC heap after
Heap after GC invocations=5 (full 0):
 PSYoungGen      total 66048K, used 2548K [0x00000000eb700000, 0x00000000f4400000, 0x0000000100000000)
  eden space 63488K, 0% used [0x00000000eb700000,0x00000000eb700000,0x00000000ef500000)
  from space 2560K, 99% used [0x00000000ef500000,0x00000000ef77d060,0x00000000ef780000)
  to   space 8704K, 0% used [0x00000000f3b80000,0x00000000f3b80000,0x00000000f4400000)
 ParOldGen       total 42496K, used 12965K [0x00000000c2400000, 0x00000000c4d80000, 0x00000000eb700000)
  object space 42496K, 30% used [0x00000000c2400000,0x00000000c30a9530,0x00000000c4d80000)
 Metaspace       used 20674K, capacity 21208K, committed 21296K, reserved 1067008K
  class space    used 2718K, capacity 2901K, committed 2944K, reserved 1048576K
}
Event: 7.905 GC heap before
{Heap before GC invocations=6 (full 1):
 PSYoungGen      total 66048K, used 2548K [0x00000000eb700000, 0x00000000f4400000, 0x0000000100000000)
  eden space 63488K, 0% used [0x00000000eb700000,0x00000000eb700000,0x00000000ef500000)
  from space 2560K, 99% used [0x00000000ef500000,0x00000000ef77d060,0x00000000ef780000)
  to   space 8704K, 0% used [0x00000000f3b80000,0x00000000f3b80000,0x00000000f4400000)
 ParOldGen       total 42496K, used 12965K [0x00000000c2400000, 0x00000000c4d80000, 0x00000000eb700000)
  object space 42496K, 30% used [0x00000000c2400000,0x00000000c30a9530,0x00000000c4d80000)
 Metaspace       used 20674K, capacity 21208K, committed 21296K, reserved 1067008K
  class space    used 2718K, capacity 2901K, committed 2944K, reserved 1048576K
Event: 8.142 GC heap after
Heap after GC invocations=6 (full 1):
 PSYoungGen      total 66048K, used 0K [0x00000000eb700000, 0x00000000f4400000, 0x0000000100000000)
  eden space 63488K, 0% used [0x00000000eb700000,0x00000000eb700000,0x00000000ef500000)
  from space 2560K, 0% used [0x00000000ef500000,0x00000000ef500000,0x00000000ef780000)
  to   space 8704K, 0% used [0x00000000f3b80000,0x00000000f3b80000,0x00000000f4400000)
 ParOldGen       total 38912K, used 8956K [0x00000000c2400000, 0x00000000c4a00000, 0x00000000eb700000)
  object space 38912K, 23% used [0x00000000c2400000,0x00000000c2cbf010,0x00000000c4a00000)
 Metaspace       used 20674K, capacity 21208K, committed 21296K, reserved 1067008K
  class space    used 2718K, capacity 2901K, committed 2944K, reserved 1048576K
}
Event: 9.781 GC heap before
{Heap before GC invocations=7 (full 1):
 PSYoungGen      total 66048K, used 63488K [0x00000000eb700000, 0x00000000f4400000, 0x0000000100000000)
  eden space 63488K, 100% used [0x00000000eb700000,0x00000000ef500000,0x00000000ef500000)
  from space 2560K, 0% used [0x00000000ef500000,0x00000000ef500000,0x00000000ef780000)
  to   space 8704K, 0% used [0x00000000f3b80000,0x00000000f3b80000,0x00000000f4400000)
 ParOldGen       total 38912K, used 8956K [0x00000000c2400000, 0x00000000c4a00000, 0x00000000eb700000)
  object space 38912K, 23% used [0x00000000c2400000,0x00000000c2cbf010,0x00000000c4a00000)
 Metaspace       used 22754K, capacity 23448K, committed 23680K, reserved 1069056K
  class space    used 2960K, capacity 3139K, committed 3200K, reserved 1048576K
Event: 9.887 GC heap after
Heap after GC invocations=7 (full 1):
 PSYoungGen      total 103936K, used 3922K [0x00000000eb700000, 0x00000000f3f80000, 0x0000000100000000)
  eden space 99840K, 0% used [0x00000000eb700000,0x00000000eb700000,0x00000000f1880000)
  from space 4096K, 95% used [0x00000000f3b80000,0x00000000f3f54ae0,0x00000000f3f80000)
  to   space 8704K, 0% used [0x00000000f2e80000,0x00000000f2e80000,0x00000000f3700000)
 ParOldGen       total 38912K, used 8964K [0x00000000c2400000, 0x00000000c4a00000, 0x00000000eb700000)
  object space 38912K, 23% used [0x00000000c2400000,0x00000000c2cc1010,0x00000000c4a00000)
 Metaspace       used 22754K, capacity 23448K, committed 23680K, reserved 1069056K
  class space    used 2960K, capacity 3139K, committed 3200K, reserved 1048576K
}

Deoptimization events (10 events):
Event: 10.650 Thread 0x0000000001e3c000 Uncommon trap: reason=bimorphic action=maybe_recompile pc=0x000000000273dd0c method=java.util.concurrent.ConcurrentHashMap.get(Ljava/lang/Object;)Ljava/lang/Object; @ 149
Event: 10.654 Thread 0x0000000001e3c000 Uncommon trap: reason=bimorphic action=maybe_recompile pc=0x000000000273dd0c method=java.util.concurrent.ConcurrentHashMap.get(Ljava/lang/Object;)Ljava/lang/Object; @ 149
Event: 11.193 Thread 0x0000000001e3c000 Uncommon trap: reason=class_check action=maybe_recompile pc=0x00000000029d0e78 method=org.springframework.util.ConcurrentReferenceHashMap$Segment.findInChain(Lorg/springframework/util/ConcurrentReferenceHashMap$Reference;Ljava/lang/Object;I)Lorg/springfra
Event: 11.251 Thread 0x0000000001e3c000 Uncommon trap: reason=class_check action=maybe_recompile pc=0x00000000029d0e78 method=org.springframework.util.ConcurrentReferenceHashMap$Segment.findInChain(Lorg/springframework/util/ConcurrentReferenceHashMap$Reference;Ljava/lang/Object;I)Lorg/springfra
Event: 11.898 Thread 0x0000000001e3c000 Uncommon trap: reason=unstable_if action=reinterpret pc=0x0000000002cf0434 method=java.util.concurrent.ConcurrentHashMap.putVal(Ljava/lang/Object;Ljava/lang/Object;Z)Ljava/lang/Object; @ 206
Event: 11.980 Thread 0x0000000001e3c000 Uncommon trap: reason=unstable_if action=reinterpret pc=0x0000000002cf178c method=java.util.LinkedList.node(I)Ljava/util/LinkedList$Node; @ 49
Event: 12.008 Thread 0x0000000001e3c000 Uncommon trap: reason=unstable_if action=reinterpret pc=0x0000000002ddfc3c method=org.springframework.util.ConcurrentReferenceHashMap$Segment.findInChain(Lorg/springframework/util/ConcurrentReferenceHashMap$Reference;Ljava/lang/Object;I)Lorg/springframewo
Event: 12.008 Thread 0x0000000001e3c000 Uncommon trap: reason=unstable_if action=reinterpret pc=0x000000000276ec20 method=org.springframework.util.ConcurrentReferenceHashMap$Segment.findInChain(Lorg/springframework/util/ConcurrentReferenceHashMap$Reference;Ljava/lang/Object;I)Lorg/springframewo
Event: 12.012 Thread 0x0000000001e3c000 Uncommon trap: reason=unstable_if action=reinterpret pc=0x0000000002dead0c method=org.springframework.util.ConcurrentReferenceHashMap$Segment.findInChain(Lorg/springframework/util/ConcurrentReferenceHashMap$Reference;Ljava/lang/Object;I)Lorg/springframewo
Event: 12.012 Thread 0x0000000001e3c000 Uncommon trap: reason=unstable_if action=reinterpret pc=0x00000000029d0eb0 method=org.springframework.util.ConcurrentReferenceHashMap$Segment.findInChain(Lorg/springframework/util/ConcurrentReferenceHashMap$Reference;Ljava/lang/Object;I)Lorg/springframewo

Classes redefined (0 events):
No events

Internal exceptions (10 events):
Event: 5.728 Thread 0x0000000001e3c000 Exception <a 'java/lang/ClassNotFoundException': org/springframework/context/ResourceLoaderAwareCustomizer> (0x00000000ed35c6a8) thrown at [C:\re\workspace\8-2-build-windows-amd64-cygwin\jdk8u161\10277\hotspot\src\share\vm\classfile\systemDictionary.cpp, 
Event: 5.730 Thread 0x0000000001e3c000 Exception <a 'java/lang/ClassNotFoundException': org/springframework/beans/factory/AwareCustomizer> (0x00000000ed374b08) thrown at [C:\re\workspace\8-2-build-windows-amd64-cygwin\jdk8u161\10277\hotspot\src\share\vm\classfile\systemDictionary.cpp, line 210
Event: 5.731 Thread 0x0000000001e3c000 Exception <a 'java/lang/ClassNotFoundException': org/springframework/beans/factory/BeanClassLoaderAwareCustomizer> (0x00000000ed390ea8) thrown at [C:\re\workspace\8-2-build-windows-amd64-cygwin\jdk8u161\10277\hotspot\src\share\vm\classfile\systemDictionar
Event: 5.733 Thread 0x0000000001e3c000 Exception <a 'java/lang/ClassNotFoundException': org/springframework/beans/factory/AwareCustomizer> (0x00000000ed3a93a8) thrown at [C:\re\workspace\8-2-build-windows-amd64-cygwin\jdk8u161\10277\hotspot\src\share\vm\classfile\systemDictionary.cpp, line 210
Event: 5.735 Thread 0x0000000001e3c000 Exception <a 'java/lang/ClassNotFoundException': org/springframework/context/EnvironmentAwareCustomizer> (0x00000000ed3c20f8) thrown at [C:\re\workspace\8-2-build-windows-amd64-cygwin\jdk8u161\10277\hotspot\src\share\vm\classfile\systemDictionary.cpp, lin
Event: 5.736 Thread 0x0000000001e3c000 Exception <a 'java/lang/ClassNotFoundException': org/springframework/beans/factory/AwareCustomizer> (0x00000000ed3da450) thrown at [C:\re\workspace\8-2-build-windows-amd64-cygwin\jdk8u161\10277\hotspot\src\share\vm\classfile\systemDictionary.cpp, line 210
Event: 5.948 Thread 0x0000000001e3c000 Exception <a 'java/lang/NoSuchMethodError': java.lang.Object.lambda$comparing$77a9974f$1(Ljava/util/function/Function;Ljava/lang/Object;Ljava/lang/Object;)I> (0x00000000eba49f20) thrown at [C:\re\workspace\8-2-build-windows-amd64-cygwin\jdk8u161\10277\hot
Event: 7.655 Thread 0x0000000017aa3000 Exception <a 'java/lang/IncompatibleClassChangeError': Found class java.lang.Object, but interface was expected> (0x00000000ed501308) thrown at [C:\re\workspace\8-2-build-windows-amd64-cygwin\jdk8u161\10277\hotspot\src\share\vm\interpreter\linkResolver.cp
Event: 7.769 Thread 0x0000000001e3c000 Exception <a 'java/lang/IncompatibleClassChangeError': Found class java.lang.Object, but interface was expected> (0x00000000eda39ba0) thrown at [C:\re\workspace\8-2-build-windows-amd64-cygwin\jdk8u161\10277\hotspot\src\share\vm\interpreter\linkResolver.cp
Event: 11.298 Thread 0x0000000001e3c000 Exception <a 'java/lang/NoSuchMethodError': java.lang.Object.lambda$andThen$1(Ljava/util/function/Function;Ljava/lang/Object;)Ljava/lang/Object;> (0x00000000ed16b860) thrown at [C:\re\workspace\8-2-build-windows-amd64-cygwin\jdk8u161\10277\hotspot\src\sha

Events (10 events):
Event: 12.782 loading class org/springframework/aop/Advisor$1
Event: 12.782 loading class org/springframework/aop/Advisor$1 done
Event: 12.785 loading class org/springframework/aop/Pointcut
Event: 12.785 loading class org/springframework/aop/Pointcut done
Event: 12.786 loading class org/springframework/validation/annotation/Validated
Event: 12.786 loading class org/springframework/validation/annotation/Validated done
Event: 12.788 loading class org/springframework/orm/jpa/support/PersistenceAnnotationBeanPostProcessor
Event: 12.788 loading class org/springframework/orm/jpa/support/PersistenceAnnotationBeanPostProcessor done
Event: 12.788 loading class org/springframework/util/ReflectionUtils$FieldCallback
Event: 12.788 loading class org/springframework/util/ReflectionUtils$FieldCallback done


Dynamic libraries:
0x000000013f390000 - 0x000000013f3c7000 	C:\Program Files\Java\jre1.8.0_161\bin\javaw.exe
0x00000000777c0000 - 0x000000007795f000 	C:\Windows\SYSTEM32\ntdll.dll
0x000007fefaff0000 - 0x000007fefb002000 	C:\Program Files\AVAST Software\Avast\aswhook.dll
0x00000000776a0000 - 0x00000000777bf000 	C:\Windows\system32\kernel32.dll
0x000007fefd510000 - 0x000007fefd577000 	C:\Windows\system32\KERNELBASE.dll
0x000007feff090000 - 0x000007feff16b000 	C:\Windows\system32\ADVAPI32.dll
0x000007fefe080000 - 0x000007fefe11f000 	C:\Windows\system32\msvcrt.dll
0x000007fefdb50000 - 0x000007fefdb6f000 	C:\Windows\SYSTEM32\sechost.dll
0x000007feff780000 - 0x000007feff8ac000 	C:\Windows\system32\RPCRT4.dll
0x00000000775a0000 - 0x000000007769a000 	C:\Windows\system32\USER32.dll
0x000007fefdb70000 - 0x000007fefdbd7000 	C:\Windows\system32\GDI32.dll
0x000007fefdbe0000 - 0x000007fefdbee000 	C:\Windows\system32\LPK.dll
0x000007fefdbf0000 - 0x000007fefdcbb000 	C:\Windows\system32\USP10.dll
0x000007fefb960000 - 0x000007fefbb55000 	C:\Windows\WinSxS\amd64_microsoft.windows.common-controls_6595b64144ccf1df_6.0.7601.24460_none_e3711c5330fd38b4\COMCTL32.dll
0x000007fefd6d0000 - 0x000007fefd741000 	C:\Windows\system32\SHLWAPI.dll
0x000007fefdd60000 - 0x000007fefdd8e000 	C:\Windows\system32\IMM32.DLL
0x000007fefd750000 - 0x000007fefd859000 	C:\Windows\system32\MSCTF.dll
0x000000006e690000 - 0x000000006e762000 	C:\Program Files\Java\jre1.8.0_161\bin\msvcr100.dll
0x000000006ef50000 - 0x000000006f7ef000 	C:\Program Files\Java\jre1.8.0_161\bin\server\jvm.dll
0x000007fefa510000 - 0x000007fefa519000 	C:\Windows\system32\WSOCK32.dll
0x000007fefeeb0000 - 0x000007fefeefd000 	C:\Windows\system32\WS2_32.dll
0x000007fefde30000 - 0x000007fefde38000 	C:\Windows\system32\NSI.dll
0x000007fef74f0000 - 0x000007fef752b000 	C:\Windows\system32\WINMM.dll
0x000007fefc3a0000 - 0x000007fefc3ac000 	C:\Windows\system32\VERSION.dll
0x0000000077970000 - 0x0000000077977000 	C:\Windows\system32\PSAPI.DLL
0x0000000075050000 - 0x000000007505f000 	C:\Program Files\Java\jre1.8.0_161\bin\verify.dll
0x0000000075020000 - 0x0000000075049000 	C:\Program Files\Java\jre1.8.0_161\bin\java.dll
0x0000000075000000 - 0x0000000075016000 	C:\Program Files\Java\jre1.8.0_161\bin\zip.dll
0x000007fefe120000 - 0x000007fefeeab000 	C:\Windows\system32\SHELL32.dll
0x000007feff8b0000 - 0x000007feffaaf000 	C:\Windows\system32\ole32.dll
0x000007fefd320000 - 0x000007fefd32f000 	C:\Windows\system32\profapi.dll
0x0000000074fe0000 - 0x0000000074fed000 	C:\Program Files\Java\jre1.8.0_161\bin\management.dll
0x0000000074fb0000 - 0x0000000074fca000 	C:\Program Files\Java\jre1.8.0_161\bin\net.dll
0x000007fefca90000 - 0x000007fefcae5000 	C:\Windows\system32\mswsock.dll
0x000007fefca80000 - 0x000007fefca87000 	C:\Windows\System32\wship6.dll
0x000007fefb130000 - 0x000007fefb145000 	C:\Windows\system32\NLAapi.dll
0x000007feee7e0000 - 0x000007feee7f5000 	C:\Windows\system32\napinsp.dll
0x000007feee7c0000 - 0x000007feee7d9000 	C:\Windows\system32\pnrpnsp.dll
0x000007feee7b0000 - 0x000007feee7c0000 	C:\Windows\system32\wshbth.dll
0x000007fefc910000 - 0x000007fefc96b000 	C:\Windows\system32\DNSAPI.dll
0x000007feee7a0000 - 0x000007feee7ab000 	C:\Windows\System32\winrnr.dll
0x000007fefc4c0000 - 0x000007fefc4c7000 	C:\Windows\System32\wshtcpip.dll
0x000007fefac80000 - 0x000007fefaca7000 	C:\Windows\system32\IPHLPAPI.DLL
0x000007fefac70000 - 0x000007fefac7b000 	C:\Windows\system32\WINNSI.DLL
0x000007feedd90000 - 0x000007feedd98000 	C:\Windows\system32\rasadhlp.dll
0x000007fefaaf0000 - 0x000007fefab43000 	C:\Windows\System32\fwpuclnt.dll
0x0000000074d00000 - 0x0000000074d11000 	C:\Program Files\Java\jre1.8.0_161\bin\nio.dll
0x000007fef9660000 - 0x000007fef9785000 	C:\Windows\system32\dbghelp.dll

VM Arguments:
jvm_args: -Dfile.encoding=UTF-8 
java_command: com.popiang.App
java_class_path (initial): C:\Users\Pop\eclipse-workspace2\spring_boot_tutorial\target\classes;C:\Users\Pop\.m2\repository\org\springframework\boot\spring-boot-starter-web\2.1.4.RELEASE\spring-boot-starter-web-2.1.4.RELEASE.jar;C:\Users\Pop\.m2\repository\org\springframework\boot\spring-boot-starter\2.1.4.RELEASE\spring-boot-starter-2.1.4.RELEASE.jar;C:\Users\Pop\.m2\repository\org\springframework\boot\spring-boot\2.1.4.RELEASE\spring-boot-2.1.4.RELEASE.jar;C:\Users\Pop\.m2\repository\org\springframework\boot\spring-boot-autoconfigure\2.1.4.RELEASE\spring-boot-autoconfigure-2.1.4.RELEASE.jar;C:\Users\Pop\.m2\repository\org\springframework\boot\spring-boot-starter-logging\2.1.4.RELEASE\spring-boot-starter-logging-2.1.4.RELEASE.jar;C:\Users\Pop\.m2\repository\ch\qos\logback\logback-classic\1.2.3\logback-classic-1.2.3.jar;C:\Users\Pop\.m2\repository\ch\qos\logback\logback-core\1.2.3\logback-core-1.2.3.jar;C:\Users\Pop\.m2\repository\org\apache\logging\log4j\log4j-to-slf4j\2.11.2\log4j-to-slf4j-2.11.2.jar;C:\Users\Pop\.m2\repository\org\apache\logging\log4j\log4j-api\2.11.2\log4j-api-2.11.2.jar;C:\Users\Pop\.m2\repository\org\slf4j\jul-to-slf4j\1.7.26\jul-to-slf4j-1.7.26.jar;C:\Users\Pop\.m2\repository\javax\annotation\javax.annotation-api\1.3.2\javax.annotation-api-1.3.2.jar;C:\Users\Pop\.m2\repository\org\yaml\snakeyaml\1.23\snakeyaml-1.23.jar;C:\Users\Pop\.m2\repository\org\springframework\boot\spring-boot-starter-json\2.1.4.RELEASE\spring-boot-starter-json-2.1.4.RELEASE.jar;C:\Users\Pop\.m2\repository\com\fasterxml\jackson\core\jackson-databind\2.9.8\jackson-databind-2.9.8.jar;C:\Users\Pop\.m2\repository\com\fasterxml\jackson\core\jackson-annotations\2.9.0\jackson-annotations-2.9.0.jar;C:\Users\Pop\.m2\repository\com\fasterxml\jackson\core\jackson-core\2.9.8\jackson-core-2.9.8.jar;C:\Users\Pop\.m2\repository\com\fasterxml\jackson\datatype\jackson-datatype-jdk8\2.9.8\jackson-datatype-jdk8-2.9.8.jar;C:\Users\Pop\.m2\repository\com\fasterxml\jackson\datatype\jackson-
Launcher Type: SUN_STANDARD

Environment Variables:
PATH=C:/Program Files/Java/jre1.8.0_161/bin/server;C:/Program Files/Java/jre1.8.0_161/bin;C:/Program Files/Java/jre1.8.0_161/lib/amd64;C:\Program Files\Java\jdk1.8.0_144;C:\ProgramData\Oracle\Java\javapath;C:\oraclexe\app\oracle\product\11.2.0\server\bin;C:\Windows\system32;C:\Windows;C:\Windows\System32\Wbem;C:\Windows\System32\WindowsPowerShell\v1.0\;C:\Program Files\WIDCOMM\Bluetooth Software\;C:\Program Files\WIDCOMM\Bluetooth Software\syswow64;\;C:\Program Files (x86)\Sony\VAIO Startup Setting Tool;c:\Program Files (x86)\ATI Technologies\ATI.ACE\Core-Static;C:\Program Files (x86)\AMD\ATI.ACE\Core-Static;C:\Program Files\Git\cmd;C:\Program Files\MySQL\MySQL Utilities 1.6\;C:\Program Files\Java\jdk-9\bin\ ;C:\Program Files (x86)\Brackets\command;C:\Program Files\dotnet\;C:\Program Files\Microsoft SQL Server\130\Tools\Binn\;;C:\Program Files\Microsoft VS Code\bin;C:\Users\Pop\Desktop\Shortcuts;
USERNAME=Pop
OS=Windows_NT
PROCESSOR_IDENTIFIER=Intel64 Family 6 Model 37 Stepping 5, GenuineIntel



---------------  S Y S T E M  ---------------

OS: Windows 7 , 64 bit Build 7601 (6.1.7601.24475)

CPU:total 4 (initial active 4) (2 cores per cpu, 2 threads per core) family 6 model 37 stepping 5, cmov, cx8, fxsr, mmx, sse, sse2, sse3, ssse3, sse4.1, sse4.2, popcnt, ht, tsc, tscinvbit

Memory: 4k page, physical 4044900k(420460k free), swap 8087900k(2481136k free)

vm_info: Java HotSpot(TM) 64-Bit Server VM (25.161-b12) for windows-amd64 JRE (1.8.0_161-b12), built on Dec 19 2017 17:52:25 by "java_re" with MS VC++ 10.0 (VS2010)

time: Sat Jul 06 09:56:29 2019
elapsed time: 13 seconds (0d 0h 0m 13s)

